The selected window backend is x11 
Mono path[0] = '/run/media/cubes/72440c24-30c2-4414-b885-7ead711eed8c/SteamLibrary/steamapps/common/pureya/pureya_Data/Managed'
Mono config path = '/run/media/cubes/72440c24-30c2-4414-b885-7ead711eed8c/SteamLibrary/steamapps/common/pureya/pureya_Data/MonoBleedingEdge/etc'
Input System module state changed to: Initialized.
Display 0 '0': 1366x768 (primary device).
[Physics::Module] Initialized fallback backend.
[Physics::Module] Id: 0xdecafbad
Unable to load player prefs
Desktop is 1366 x 768 @ 60 Hz
Initialize engine version: 6000.0.62f1 (f99f05b3e950)
[Subsystems] Discovering subsystems at path /run/media/cubes/72440c24-30c2-4414-b885-7ead711eed8c/SteamLibrary/steamapps/common/pureya/pureya_Data/UnitySubsystems
GfxDevice: creating device client; kGfxThreadingModeThreaded
Renderer: Mesa Intel(R) UHD Graphics 600 (GLK 2)
Vendor:   Intel
Version:  4.6 (Core Profile) Mesa 25.3.3-arch1.2
GLES:     0
 GL_3DFX_texture_compression_FXT1 GL_AMD_conservative_depth GL_AMD_depth_clamp_separate GL_AMD_draw_buffers_blend GL_AMD_gpu_shader_int64 GL_AMD_multi_draw_indirect GL_AMD_performance_monitor GL_AMD_query_buffer_object GL_AMD_seamless_cubemap_per_texture GL_AMD_shader_stencil_export GL_AMD_shader_trinary_minmax GL_AMD_texture_texture4 GL_AMD_vertex_shader_layer GL_AMD_vertex_shader_viewport_index GL_ANGLE_texture_compression_dxt3 GL_ANGLE_texture_compression_dxt5 GL_ARB_ES2_compatibility GL_ARB_ES3_1_compatibility GL_ARB_ES3_2_compatibility GL_ARB_ES3_compatibility GL_ARB_arrays_of_arrays GL_ARB_base_instance GL_ARB_blend_func_extended GL_ARB_buffer_storage GL_ARB_clear_buffer_object GL_ARB_clear_texture GL_ARB_clip_control GL_ARB_compressed_texture_pixel_storage GL_ARB_compute_shader GL_ARB_compute_variable_group_size GL_ARB_conditional_render_inverted GL_ARB_conservative_depth GL_ARB_copy_buffer GL_ARB_copy_image GL_ARB_cull_distance GL_ARB_debug_output GL_ARB_depth_buffer_float GL_ARB_depth_clamp GL_ARB_d
erivative_control GL_ARB_direct_state_access GL_ARB_draw_buffers GL_ARB_draw_buffers_blend GL_ARB_draw_elements_base_vertex GL_ARB_draw_indirect GL_ARB_draw_instanced GL_ARB_enhanced_layouts GL_ARB_explicit_attrib_location GL_ARB_explicit_uniform_location GL_ARB_fragment_coord_conventions GL_ARB_fragment_layer_viewport GL_ARB_fragment_shader GL_ARB_fragment_shader_interlock GL_ARB_framebuffer_no_attachments GL_ARB_framebuffer_object GL_ARB_framebuffer_sRGB GL_ARB_get_program_binary GL_ARB_get_texture_sub_image GL_ARB_gl_spirv GL_ARB_gpu_shader5 GL_ARB_gpu_shader_fp64 GL_ARB_gpu_shader_int64 GL_ARB_half_float_pixel GL_ARB_half_float_vertex GL_ARB_indirect_parameters GL_ARB_instanced_arrays GL_ARB_internalformat_query GL_ARB_internalformat_query2 GL_ARB_invalidate_subdata GL_ARB_map_buffer_alignment GL_ARB_map_buffer_range GL_ARB_multi_bind GL_ARB_multi_draw_indirect GL_ARB_occlusion_query2 GL_ARB_parallel_shader_compile GL_ARB_pipeline_statistics_query GL_ARB_pixel_buffer_object GL_ARB_point_sprite GL_ARB_pol
ygon_offset_clamp GL_ARB_post_depth_coverage GL_ARB_program_interface_query GL_ARB_provoking_vertex GL_ARB_query_buffer_object GL_ARB_robust_buffer_access_behavior GL_ARB_robustness GL_ARB_sample_shading GL_ARB_sampler_objects GL_ARB_seamless_cube_map GL_ARB_seamless_cubemap_per_texture GL_ARB_separate_shader_objects GL_ARB_shader_atomic_counter_ops GL_ARB_shader_atomic_counters GL_ARB_shader_ballot GL_ARB_shader_bit_encoding GL_ARB_shader_clock GL_ARB_shader_draw_parameters GL_ARB_shader_group_vote GL_ARB_shader_image_load_store GL_ARB_shader_image_size GL_ARB_shader_objects GL_ARB_shader_precision GL_ARB_shader_stencil_export GL_ARB_shader_storage_buffer_object GL_ARB_shader_subroutine GL_ARB_shader_texture_image_samples GL_ARB_shader_texture_lod GL_ARB_shader_viewport_layer_array GL_ARB_shading_language_420pack GL_ARB_shading_language_include GL_ARB_shading_language_packing GL_ARB_spirv_extensions GL_ARB_stencil_texturing GL_ARB_sync GL_ARB_tessellation_shader GL_ARB_texture_barrier GL_ARB_texture_border_
clamp GL_ARB_texture_buffer_object GL_ARB_texture_buffer_object_rgb32 GL_ARB_texture_buffer_range GL_ARB_texture_compression_bptc GL_ARB_texture_compression_rgtc GL_ARB_texture_cube_map_array GL_ARB_texture_filter_anisotropic GL_ARB_texture_filter_minmax GL_ARB_texture_float GL_ARB_texture_gather GL_ARB_texture_mirror_clamp_to_edge GL_ARB_texture_multisample GL_ARB_texture_non_power_of_two GL_ARB_texture_query_levels GL_ARB_texture_query_lod GL_ARB_texture_rectangle GL_ARB_texture_rg GL_ARB_texture_rgb10_a2ui GL_ARB_texture_stencil8 GL_ARB_texture_storage GL_ARB_texture_storage_multisample GL_ARB_texture_swizzle GL_ARB_texture_view GL_ARB_timer_query GL_ARB_transform_feedback2 GL_ARB_transform_feedback3 GL_ARB_transform_feedback_instanced GL_ARB_transform_feedback_overflow_query GL_ARB_uniform_buffer_object GL_ARB_vertex_array_bgra GL_ARB_vertex_array_object GL_ARB_vertex_attrib_64bit GL_ARB_vertex_attrib_binding GL_ARB_vertex_buffer_object GL_ARB_vertex_shader GL_ARB_vertex_type_10f_11f_11f_rev GL_ARB_verte
x_type_2_10_10_10_rev GL_ARB_viewport_array GL_ATI_blend_equation_separate GL_ATI_texture_float GL_EXT_EGL_image_storage GL_EXT_EGL_image_storage_compression GL_EXT_EGL_sync GL_EXT_abgr GL_EXT_blend_equation_separate GL_EXT_debug_label GL_EXT_demote_to_helper_invocation GL_EXT_draw_buffers2 GL_EXT_draw_instanced GL_EXT_framebuffer_blit GL_EXT_framebuffer_multisample GL_EXT_framebuffer_multisample_blit_scaled GL_EXT_framebuffer_object GL_EXT_framebuffer_sRGB GL_EXT_memory_object GL_EXT_memory_object_fd GL_EXT_packed_depth_stencil GL_EXT_packed_float GL_EXT_pixel_buffer_object GL_EXT_polygon_offset_clamp GL_EXT_provoking_vertex GL_EXT_semaphore GL_EXT_semaphore_fd GL_EXT_shader_clock GL_EXT_shader_framebuffer_fetch GL_EXT_shader_framebuffer_fetch_non_coherent GL_EXT_shader_integer_mix GL_EXT_shader_samples_identical GL_EXT_texture_array GL_EXT_texture_compression_dxt1 GL_EXT_texture_compression_rgtc GL_EXT_texture_compression_s3tc GL_EXT_texture_filter_anisotropic GL_EXT_texture_integer GL_EXT_texture_sRGB GL_
EXT_texture_sRGB_R8 GL_EXT_texture_sRGB_decode GL_EXT_texture_shadow_lod GL_EXT_texture_shared_exponent GL_EXT_texture_snorm GL_EXT_texture_storage GL_EXT_texture_swizzle GL_EXT_timer_query GL_EXT_transform_feedback GL_EXT_vertex_array_bgra GL_EXT_vertex_attrib_64bit GL_IBM_multimode_draw_arrays GL_INTEL_blackhole_render GL_INTEL_conservative_rasterization GL_INTEL_performance_query GL_INTEL_shader_atomic_float_minmax GL_INTEL_shader_integer_functions2 GL_KHR_blend_equation_advanced GL_KHR_blend_equation_advanced_coherent GL_KHR_context_flush_control GL_KHR_debug GL_KHR_no_error GL_KHR_parallel_shader_compile GL_KHR_robust_buffer_access_behavior GL_KHR_robustness GL_KHR_texture_compression_astc_ldr GL_KHR_texture_compression_astc_sliced_3d GL_MESA_framebuffer_flip_y GL_MESA_pack_invert GL_MESA_shader_integer_functions GL_MESA_texture_const_bandwidth GL_MESA_texture_signed_rgba GL_NV_alpha_to_coverage_dither_control GL_NV_compute_shader_derivatives GL_NV_conditional_render GL_NV_copy_image GL_NV_depth_clamp G
L_NV_fragment_shader_interlock GL_NV_packed_depth_stencil GL_NV_texture_barrier GL_OES_EGL_image GL_S3_s3tc
OPENGL LOG: Creating OpenGL 4.6 graphics device ; Context level  <OpenGL 4.5> ; Context handle 769156272
Begin MonoManager ReloadAssembly
- Loaded All Assemblies, in  0.486 seconds
- Finished resetting the current domain, in  0.005 seconds
[Physics::Module] Selected backend.
[Physics::Module] Name: PhysX
[Physics::Module] Id: 0xf2b8ea05
[Physics::Module] SDK Version: 4.1.2
[Physics::Module] Integration Version: 1.0.0
[Physics::Module] Threading Mode: Multi-Threaded
Default vsync count 1
requesting resize 1366 x 768
Using native desktop resolution 1366 x 768
requesting fullscreen 1366 x 768 at 0/1 Hz
Desktop is 1366 x 768 @ 60 Hz
UnloadTime: 0.603522 ms
Setting breakpad minidump AppID = 1268960
Steam_SetMinidumpSteamID:  Caching Steam ID:  76561199547855432 [API loaded no]
pry- GAME STARTS 1.3.2
Received stats and achievements from Steam
requesting resize 1366 x 768
Using native desktop resolution 1366 x 768
requesting fullscreen 1366 x 768 at 0/1 Hz
Desktop is 1366 x 768 @ 60 Hz
STEAM MANAGER INITIALIZED. Steam = True
STEAM MANAGER INITIALIZED. Steam = True
Loading from Steam
STEAM MANAGER INITIALIZED. Steam = True
Unloading 5 Unused Serialized files (Serialized files now loaded: 0)
UnloadTime: 15.027526 ms
Unloading 8 unused Assets to reduce memory usage. Loaded Objects now: 2495.
Total: 18.387911 ms (FindLiveObjects: 0.366241 ms CreateObjectMapping: 0.057140 ms MarkObjects: 16.985118 ms  DeleteObjects: 0.978797 ms)

Unloading 4 Unused Serialized files (Serialized files now loaded: 0)
UnloadTime: 6.171373 ms
STEAM MANAGER INITIALIZED. Steam = True
STEAM MANAGER INITIALIZED. Steam = True
Unloading 19 unused Assets to reduce memory usage. Loaded Objects now: 5555.
Total: 6.838478 ms (FindLiveObjects: 1.139786 ms CreateObjectMapping: 0.284721 ms MarkObjects: 5.237937 ms  DeleteObjects: 0.175337 ms)

STEAM MANAGER INITIALIZED. Steam = True
STEAM MANAGER INITIALIZED. Steam = True
Unloading 5 Unused Serialized files (Serialized files now loaded: 0)
UnloadTime: 2.391133 ms
Unloading 77 unused Assets to reduce memory usage. Loaded Objects now: 4049.
Total: 6.227329 ms (FindLiveObjects: 0.560245 ms CreateObjectMapping: 0.175760 ms MarkObjects: 5.348998 ms  DeleteObjects: 0.141611 ms)

Unloading 5 Unused Serialized files (Serialized files now loaded: 0)
UnloadTime: 0.358520 ms
Unloading 10 unused Assets to reduce memory usage. Loaded Objects now: 4225.
Total: 4.231196 ms (FindLiveObjects: 0.656509 ms CreateObjectMapping: 0.294788 ms MarkObjects: 3.171523 ms  DeleteObjects: 0.107740 ms)

Unloading 5 Unused Serialized files (Serialized files now loaded: 0)
UnloadTime: 0.354065 ms
Unloading 7 unused Assets to reduce memory usage. Loaded Objects now: 4022.
Total: 4.896250 ms (FindLiveObjects: 0.671543 ms CreateObjectMapping: 0.158635 ms MarkObjects: 3.919560 ms  DeleteObjects: 0.145862 ms)

Unloading 5 Unused Serialized files (Serialized files now loaded: 0)
UnloadTime: 0.289583 ms
Unloading 3 unused Assets to reduce memory usage. Loaded Objects now: 4181.
Total: 4.934989 ms (FindLiveObjects: 0.656602 ms CreateObjectMapping: 0.343110 ms MarkObjects: 3.812755 ms  DeleteObjects: 0.121660 ms)

Unloading 5 Unused Serialized files (Serialized files now loaded: 0)
UnloadTime: 0.319377 ms
Unloading 7 unused Assets to reduce memory usage. Loaded Objects now: 4409.
Total: 5.262632 ms (FindLiveObjects: 0.710454 ms CreateObjectMapping: 0.165856 ms MarkObjects: 4.335903 ms  DeleteObjects: 0.049927 ms)

Unloading 6 Unused Serialized files (Serialized files now loaded: 0)
UnloadTime: 0.448149 ms
Unloading 4 unused Assets to reduce memory usage. Loaded Objects now: 4161.
Total: 4.898274 ms (FindLiveObjects: 0.701226 ms CreateObjectMapping: 0.187088 ms MarkObjects: 3.865479 ms  DeleteObjects: 0.143981 ms)

Unloading 5 Unused Serialized files (Serialized files now loaded: 0)
UnloadTime: 0.376340 ms
Unloading 3 unused Assets to reduce memory usage. Loaded Objects now: 4233.
Total: 5.250856 ms (FindLiveObjects: 0.622133 ms CreateObjectMapping: 0.152206 ms MarkObjects: 4.372073 ms  DeleteObjects: 0.103726 ms)

Unloading 5 Unused Serialized files (Serialized files now loaded: 0)
UnloadTime: 0.302622 ms
Unloading 3 unused Assets to reduce memory usage. Loaded Objects now: 4730.
Total: 5.875443 ms (FindLiveObjects: 0.760831 ms CreateObjectMapping: 0.148792 ms MarkObjects: 4.848168 ms  DeleteObjects: 0.117165 ms)

Unloading 5 Unused Serialized files (Serialized files now loaded: 0)
UnloadTime: 0.616083 ms
Unloading 5 unused Assets to reduce memory usage. Loaded Objects now: 4944.
Total: 5.369984 ms (FindLiveObjects: 0.770511 ms CreateObjectMapping: 0.486010 ms MarkObjects: 3.962115 ms  DeleteObjects: 0.150727 ms)

Unloading 4 Unused Serialized files (Serialized files now loaded: 0)
STEAM MANAGER INITIALIZED. Steam = True
STEAM MANAGER INITIALIZED. Steam = True
UnloadTime: 0.798177 ms
STEAM MANAGER INITIALIZED. Steam = True
STEAM MANAGER INITIALIZED. Steam = True
Unloading 6 unused Assets to reduce memory usage. Loaded Objects now: 5759.
Total: 5.563598 ms (FindLiveObjects: 0.960636 ms CreateObjectMapping: 0.237849 ms MarkObjects: 4.243147 ms  DeleteObjects: 0.121002 ms)

STEAM MANAGER INITIALIZED. Steam = True
STEAM MANAGER INITIALIZED. Steam = True
STEAM MANAGER INITIALIZED. Steam = True
STEAM MANAGER INITIALIZED. Steam = True
STEAM MANAGER INITIALIZED. Steam = True
STEAM MANAGER INITIALIZED. Steam = True
STEAM MANAGER INITIALIZED. Steam = True
STEAM MANAGER INITIALIZED. Steam = True
Unloading 5 Unused Serialized files (Serialized files now loaded: 0)
UnloadTime: 2.523519 ms
Unloading 77 unused Assets to reduce memory usage. Loaded Objects now: 4664.
Total: 5.468087 ms (FindLiveObjects: 0.754466 ms CreateObjectMapping: 0.214274 ms MarkObjects: 4.351478 ms  DeleteObjects: 0.147096 ms)

Unloading 5 Unused Serialized files (Serialized files now loaded: 0)
UnloadTime: 1.062427 ms
Unloading 10 unused Assets to reduce memory usage. Loaded Objects now: 4265.
Total: 4.655514 ms (FindLiveObjects: 0.699877 ms CreateObjectMapping: 0.155643 ms MarkObjects: 3.668682 ms  DeleteObjects: 0.130802 ms)

Unloading 5 Unused Serialized files (Serialized files now loaded: 0)
UnloadTime: 0.311148 ms
Unloading 7 unused Assets to reduce memory usage. Loaded Objects now: 4435.
Total: 5.551390 ms (FindLiveObjects: 0.744390 ms CreateObjectMapping: 0.162103 ms MarkObjects: 4.596601 ms  DeleteObjects: 0.047728 ms)

Unloading 5 Unused Serialized files (Serialized files now loaded: 0)
UnloadTime: 0.519873 ms
Unloading 9 unused Assets to reduce memory usage. Loaded Objects now: 4255.
Total: 5.871827 ms (FindLiveObjects: 0.744558 ms CreateObjectMapping: 0.173231 ms MarkObjects: 4.802987 ms  DeleteObjects: 0.150237 ms)

Unloading 5 Unused Serialized files (Serialized files now loaded: 0)
UnloadTime: 0.228962 ms
Unloading 2 unused Assets to reduce memory usage. Loaded Objects now: 4333.
Total: 5.740131 ms (FindLiveObjects: 0.722819 ms CreateObjectMapping: 0.168028 ms MarkObjects: 4.826879 ms  DeleteObjects: 0.021756 ms)

Unloading 5 Unused Serialized files (Serialized files now loaded: 0)
UnloadTime: 0.307112 ms
Unloading 7 unused Assets to reduce memory usage. Loaded Objects now: 4388.
Total: 5.618473 ms (FindLiveObjects: 0.758409 ms CreateObjectMapping: 0.149580 ms MarkObjects: 4.576961 ms  DeleteObjects: 0.133165 ms)

Unloading 5 Unused Serialized files (Serialized files now loaded: 0)
UnloadTime: 0.319912 ms
Unloading 9 unused Assets to reduce memory usage. Loaded Objects now: 4584.
Total: 4.555918 ms (FindLiveObjects: 0.685923 ms CreateObjectMapping: 0.138138 ms MarkObjects: 3.572598 ms  DeleteObjects: 0.158765 ms)

Unloading 6 Unused Serialized files (Serialized files now loaded: 0)
UnloadTime: 0.631624 ms
Unloading 3 unused Assets to reduce memory usage. Loaded Objects now: 4319.
Total: 9.710444 ms (FindLiveObjects: 2.093883 ms CreateObjectMapping: 0.427943 ms MarkObjects: 7.081746 ms  DeleteObjects: 0.106311 ms)

Unloading 5 Unused Serialized files (Serialized files now loaded: 0)
UnloadTime: 0.368705 ms
Unloading 2 unused Assets to reduce memory usage. Loaded Objects now: 4382.
Total: 5.660359 ms (FindLiveObjects: 0.737864 ms CreateObjectMapping: 0.143071 ms MarkObjects: 4.758406 ms  DeleteObjects: 0.020228 ms)

Unloading 4 Unused Serialized files (Serialized files now loaded: 0)
STEAM MANAGER INITIALIZED. Steam = True
STEAM MANAGER INITIALIZED. Steam = True
UnloadTime: 0.293720 ms
STEAM MANAGER INITIALIZED. Steam = True
STEAM MANAGER INITIALIZED. Steam = True
Unloading 4 unused Assets to reduce memory usage. Loaded Objects now: 5851.
Total: 6.981241 ms (FindLiveObjects: 0.952959 ms CreateObjectMapping: 0.269111 ms MarkObjects: 5.603280 ms  DeleteObjects: 0.155412 ms)

STEAM MANAGER INITIALIZED. Steam = True
STEAM MANAGER INITIALIZED. Steam = True
Unloading 5 Unused Serialized files (Serialized files now loaded: 0)
UnloadTime: 2.651641 ms
Unloading 78 unused Assets to reduce memory usage. Loaded Objects now: 4489.
Total: 5.014039 ms (FindLiveObjects: 0.741755 ms CreateObjectMapping: 0.219628 ms MarkObjects: 3.837432 ms  DeleteObjects: 0.214506 ms)

STEAM MANAGER INITIALIZED. Steam = True
STEAM MANAGER INITIALIZED. Steam = True
STEAM MANAGER INITIALIZED. Steam = True
STEAM MANAGER INITIALIZED. Steam = True
Unloading 4 Unused Serialized files (Serialized files now loaded: 0)
UnloadTime: 0.605717 ms
Unloading 7 unused Assets to reduce memory usage. Loaded Objects now: 4510.
Total: 4.636322 ms (FindLiveObjects: 0.867309 ms CreateObjectMapping: 0.186607 ms MarkObjects: 3.513718 ms  DeleteObjects: 0.068042 ms)

[Physics::Module] Cleanup current backned.
[Physics::Module] Id: 0xf2b8ea05
Input System module state changed to: ShutdownInProgress.
Input System polling thread exited.
Input System module state changed to: Shutdown.
